Using pre-set license
Built from '2020.3/staging' branch; Version is '2020.3.17f1 (a4537701e4ab) revision 10769271'; Using compiler version '192528614'; Build Type 'Release'
OS: 'Windows 10 Home; OS build 19042.1348; Version 2009; 64bit' Language: 'en' Physical Memory: 16238 MB
BatchMode: 1, IsHumanControllingUs: 0, StartBugReporterOnCrash: 0, Is64bit: 1, IsPro: 0

COMMAND LINE ARGUMENTS:
D:\Unity\2020.3.17f1\Editor\Unity.exe
-adb2
-batchMode
-noUpm
-name
AssetImportWorker0
-projectPath
F:/Unity Projects/Sport Emporium 2.0 - Copy
-logFile
Logs/AssetImportWorker0.log
-srvPort
52606
Successfully changed project path to: F:/Unity Projects/Sport Emporium 2.0 - Copy
F:/Unity Projects/Sport Emporium 2.0 - Copy
Using Asset Import Pipeline V2.
